<?xml version="1.0" encoding="UTF-8"?>
<testsuite name="com.isechotel.reservation.cli.hotel.repository.MemoryRoomRepositoryTest" tests="1" skipped="0" failures="0" errors="0" timestamp="2021-04-06T07:48:47" hostname="KITT-39" time="0.014">
  <properties/>
  <testcase name="전체 검색 테스트" classname="com.isechotel.reservation.cli.hotel.repository.MemoryRoomRepositoryTest" time="0.014"/>
  <system-out><![CDATA[Room{roomNumber=1, roomName='스탠다드', persons=0, charge=30000, reservation=true}
]]></system-out>
  <system-err><![CDATA[]]></system-err>
</testsuite>
