<?xml version="1.0" encoding="UTF-8"?>
<testsuite name="com.isechotel.reservation.cli.hotel.repository.MemoryRoomRepositoryTest" tests="1" skipped="0" failures="0" errors="0" timestamp="2021-04-05T08:12:03" hostname="KITT-39" time="0.014">
  <properties/>
  <testcase name="DB 출력해본다." classname="com.isechotel.reservation.cli.hotel.repository.MemoryRoomRepositoryTest" time="0.014"/>
  <system-out><![CDATA[roomDb = {1=Hotel{roomNumber=1, roomName='스탠다드', persons=2, charge=30000, checkInDate='null', checkOutDate='null', reservationNumber=0, reservation=false, userName='null', userPhoneNumber='null'}, 2=Hotel{roomNumber=2, roomName='디럭스', persons=4, charge=50000, checkInDate='null', checkOutDate='null', reservationNumber=0, reservation=false, userName='null', userPhoneNumber='null'}, 3=Hotel{roomNumber=3, roomName='스탠다드', persons=2, charge=30000, checkInDate='null', checkOutDate='null', reservationNumber=0, reservation=false, userName='null', userPhoneNumber='null'}, 4=Hotel{roomNumber=4, roomName='디럭스', persons=2, charge=50000, checkInDate='null', checkOutDate='null', reservationNumber=0, reservation=false, userName='null', userPhoneNumber='null'}, 5=Hotel{roomNumber=5, roomName='스탠다드', persons=2, charge=30000, checkInDate='null', checkOutDate='null', reservationNumber=0, reservation=false, userName='null', userPhoneNumber='null'}, 6=Hotel{roomNumber=6, roomName='스탠다드', persons=2, charge=30000, checkInDate='null', checkOutDate='null', reservationNumber=0, reservation=false, userName='null', userPhoneNumber='null'}, 7=Hotel{roomNumber=7, roomName='스위트룸', persons=2, charge=100000, checkInDate='null', checkOutDate='null', reservationNumber=0, reservation=false, userName='null', userPhoneNumber='null'}, 8=Hotel{roomNumber=8, roomName='스위트룸', persons=2, charge=100000, checkInDate='null', checkOutDate='null', reservationNumber=0, reservation=false, userName='null', userPhoneNumber='null'}, 9=Hotel{roomNumber=9, roomName='비즈니스룸', persons=1, charge=20000, checkInDate='null', checkOutDate='null', reservationNumber=0, reservation=false, userName='null', userPhoneNumber='null'}, 10=Hotel{roomNumber=10, roomName='비즈니스룸', persons=1, charge=20000, checkInDate='null', checkOutDate='null', reservationNumber=0, reservation=false, userName='null', userPhoneNumber='null'}}
]]></system-out>
  <system-err><![CDATA[]]></system-err>
</testsuite>
